<?xml version="1.0" encoding="UTF-8"?>
<!-- Generated by org.testng.reporters.JUnitReportReporter -->
<testsuite hostname="Gawalis-MacBook-Pro.local" failures="0" tests="2" name="Steps.HooksRunner" time="15.305" errors="0" timestamp="2024-03-24T01:24:27 IST" skipped="0">
  <testcase classname="Steps.HooksRunner" name="runScenario" time="8.225"/>
  <testcase classname="Steps.HooksRunner" name="runScenario" time="7.080"/>
</testsuite> <!-- Steps.HooksRunner -->
